# JRE version: Java(TM) SE Runtime Environment (8.0_191-b12) (build 1.8.0_191-b12)
# Java VM: Java HotSpot(TM) Client VM (25.191-b12 mixed mode windows-x86 )
Heap:
 def new generation   total 59904K, used 13229K [0x04e00000, 0x08ef0000, 0x0f8a0000)
  eden space 53312K,  19% used [0x04e00000, 0x0582eff0, 0x08210000)
  from space 6592K,  42% used [0x08880000, 0x08b3c6c8, 0x08ef0000)
  to   space 6592K,   0% used [0x08210000, 0x08210000, 0x08880000)
 tenured generation   total 132808K, used 94103K [0x0f8a0000, 0x17a52000, 0x24e00000)
   the space 132808K,  70% used [0x0f8a0000, 0x15485e08, 0x15486000, 0x17a52000)
 Metaspace       used 21927K, capacity 22484K, committed 22528K, reserved 22912K
GC Heap History (10 events):
Event: 985.297 GC heap before
{Heap before GC invocations=191 (full 3):
 def new generation   total 59904K, used 54246K [0x04e00000, 0x08ef0000, 0x0f8a0000)
  eden space 53312K, 100% used [0x04e00000, 0x08210000, 0x08210000)
  from space 6592K,  14% used [0x08880000, 0x08969980, 0x08ef0000)
  to   space 6592K,   0% used [0x08210000, 0x08210000, 0x08880000)
 tenured generation   total 132808K, used 93866K [0x0f8a0000, 0x17a52000, 0x24e00000)
   the space 132808K,  70% used [0x0f8a0000, 0x1544a840, 0x1544aa00, 0x17a52000)
 Metaspace       used 21927K, capacity 22484K, committed 22528K, reserved 22912K
Event: 985.300 GC heap after
Heap after GC invocations=192 (full 3):
 def new generation   total 59904K, used 1247K [0x04e00000, 0x08ef0000, 0x0f8a0000)
  eden space 53312K,   0% used [0x04e00000, 0x04e00000, 0x08210000)
  from space 6592K,  18% used [0x08210000, 0x08347c90, 0x08880000)
  to   space 6592K,   0% used [0x08880000, 0x08880000, 0x08ef0000)
 tenured generation   total 132808K, used 93898K [0x0f8a0000, 0x17a52000, 0x24e00000)
   the space 132808K,  70% used [0x0f8a0000, 0x154529e0, 0x15452a00, 0x17a52000)
 Metaspace       used 21927K, capacity 22484K, committed 22528K, reserved 22912K
}
Event: 993.407 GC heap before
{Heap before GC invocations=192 (full 3):
 def new generation   total 59904K, used 54559K [0x04e00000, 0x08ef0000, 0x0f8a0000)
  eden space 53312K, 100% used [0x04e00000, 0x08210000, 0x08210000)
  from space 6592K,  18% used [0x08210000, 0x08347c90, 0x08880000)
  to   space 6592K,   0% used [0x08880000, 0x08880000, 0x08ef0000)
 tenured generation   total 132808K, used 93898K [0x0f8a0000, 0x17a52000, 0x24e00000)
   the space 132808K,  70% used [0x0f8a0000, 0x154529e0, 0x15452a00, 0x17a52000)
 Metaspace       used 21927K, capacity 22484K, committed 22528K, reserved 22912K
Event: 993.410 GC heap after
Heap after GC invocations=193 (full 3):
 def new generation   total 59904K, used 944K [0x04e00000, 0x08ef0000, 0x0f8a0000)
  eden space 53312K,   0% used [0x04e00000, 0x04e00000, 0x08210000)
  from space 6592K,  14% used [0x08880000, 0x0896c338, 0x08ef0000)
  to   space 6592K,   0% used [0x08210000, 0x08210000, 0x08880000)
 tenured generation   total 132808K, used 93940K [0x0f8a0000, 0x17a52000, 0x24e00000)
   the space 132808K,  70% used [0x0f8a0000, 0x1545d380, 0x1545d400, 0x17a52000)
 Metaspace       used 21927K, capacity 22484K, committed 22528K, reserved 22912K
}
Event: 1002.570 GC heap before
{Heap before GC invocations=193 (full 3):
 def new generation   total 59904K, used 54256K [0x04e00000, 0x08ef0000, 0x0f8a0000)
  eden space 53312K, 100% used [0x04e00000, 0x08210000, 0x08210000)
  from space 6592K,  14% used [0x08880000, 0x0896c338, 0x08ef0000)
  to   space 6592K,   0% used [0x08210000, 0x08210000, 0x08880000)
 tenured generation   total 132808K, used 93940K [0x0f8a0000, 0x17a52000, 0x24e00000)
   the space 132808K,  70% used [0x0f8a0000, 0x1545d380, 0x1545d400, 0x17a52000)
 Metaspace       used 21927K, capacity 22484K, committed 22528K, reserved 22912K
Event: 1002.573 GC heap after
Heap after GC invocations=194 (full 3):
 def new generation   total 59904K, used 1880K [0x04e00000, 0x08ef0000, 0x0f8a0000)
  eden space 53312K,   0% used [0x04e00000, 0x04e00000, 0x08210000)
  from space 6592K,  28% used [0x08210000, 0x083e6048, 0x08880000)
  to   space 6592K,   0% used [0x08880000, 0x08880000, 0x08ef0000)
 tenured generation   total 132808K, used 93980K [0x0f8a0000, 0x17a52000, 0x24e00000)
   the space 132808K,  70% used [0x0f8a0000, 0x154671d8, 0x15467200, 0x17a52000)
 Metaspace       used 21927K, capacity 22484K, committed 22528K, reserved 22912K
}
Event: 1010.769 GC heap before
{Heap before GC invocations=194 (full 3):
 def new generation   total 59904K, used 55192K [0x04e00000, 0x08ef0000, 0x0f8a0000)
  eden space 53312K, 100% used [0x04e00000, 0x08210000, 0x08210000)
  from space 6592K,  28% used [0x08210000, 0x083e6048, 0x08880000)
  to   space 6592K,   0% used [0x08880000, 0x08880000, 0x08ef0000)
 tenured generation   total 132808K, used 93980K [0x0f8a0000, 0x17a52000, 0x24e00000)
   the space 132808K,  70% used [0x0f8a0000, 0x154671d8, 0x15467200, 0x17a52000)
 Metaspace       used 21927K, capacity 22484K, committed 22528K, reserved 22912K
Event: 1010.771 GC heap after
Heap after GC invocations=195 (full 3):
 def new generation   total 59904K, used 1926K [0x04e00000, 0x08ef0000, 0x0f8a0000)
  eden space 53312K,   0% used [0x04e00000, 0x04e00000, 0x08210000)
  from space 6592K,  29% used [0x08880000, 0x08a61b68, 0x08ef0000)
  to   space 6592K,   0% used [0x08210000, 0x08210000, 0x08880000)
 tenured generation   total 132808K, used 94021K [0x0f8a0000, 0x17a52000, 0x24e00000)
   the space 132808K,  70% used [0x0f8a0000, 0x15471678, 0x15471800, 0x17a52000)
 Metaspace       used 21927K, capacity 22484K, committed 22528K, reserved 22912K
}
Event: 1018.378 GC heap before
{Heap before GC invocations=195 (full 3):
 def new generation   total 59904K, used 55238K [0x04e00000, 0x08ef0000, 0x0f8a0000)
  eden space 53312K, 100% used [0x04e00000, 0x08210000, 0x08210000)
  from space 6592K,  29% used [0x08880000, 0x08a61b68, 0x08ef0000)
  to   space 6592K,   0% used [0x08210000, 0x08210000, 0x08880000)
 tenured generation   total 132808K, used 94021K [0x0f8a0000, 0x17a52000, 0x24e00000)
   the space 132808K,  70% used [0x0f8a0000, 0x15471678, 0x15471800, 0x17a52000)
 Metaspace       used 21927K, capacity 22484K, committed 22528K, reserved 22912K
Event: 1018.380 GC heap after
Heap after GC invocations=196 (full 3):
 def new generation   total 59904K, used 1928K [0x04e00000, 0x08ef0000, 0x0f8a0000)
  eden space 53312K,   0% used [0x04e00000, 0x04e00000, 0x08210000)
  from space 6592K,  29% used [0x08210000, 0x083f2268, 0x08880000)
  to   space 6592K,   0% used [0x08880000, 0x08880000, 0x08ef0000)
 tenured generation   total 132808K, used 94051K [0x0f8a0000, 0x17a52000, 0x24e00000)
   the space 132808K,  70% used [0x0f8a0000, 0x15478cd8, 0x15478e00, 0x17a52000)
 Metaspace       used 21927K, capacity 22484K, committed 22528K, reserved 22912K
}

